<?xml version="1.0" encoding="UTF-8"?>
<!-- Generated by org.testng.reporters.JUnitReportReporter -->
<testsuite hostname="SKAR1201144" failures="0" tests="6" name="testes.TestNG" time="25.406" errors="0" timestamp="2020-03-30T16:22:45 GMT-03:00" skipped="4">
  <testcase classname="testes.TestNG" name="PesquisarComLupa" time="13.183"/>
  <system-out/>
  <testcase classname="testes.TestNG" name="PesquisarComItensInexistentesComLupa" time="12.223"/>
  <system-out/>
  <testcase classname="testes.TestNG" name="EntrarNaTelaDeCadastroComSucesso">
    <skipped/>
  </testcase> <!-- EntrarNaTelaDeCadastroComSucesso -->
  <system-out/>
  <testcase classname="testes.TestNG" name="TelaCadastroComDadosInvalidos">
    <skipped/>
  </testcase> <!-- TelaCadastroComDadosInvalidos -->
  <system-out/>
  <testcase classname="testes.TestNG" name="PesquisaDeItensInexistentesPorClick">
    <skipped/>
  </testcase> <!-- PesquisaDeItensInexistentesPorClick -->
  <system-out/>
  <testcase classname="testes.TestNG" name="ClickProduto">
    <skipped/>
  </testcase> <!-- ClickProduto -->
  <system-out/>
</testsuite> <!-- testes.TestNG -->
