<?xml version="1.0" encoding="UTF-8"?>
<!-- Generated by org.testng.reporters.JUnitReportReporter -->
<testsuite hostname="SKAR1201144" failures="0" tests="9" name="testes.TestNG" time="12.966" errors="1" timestamp="2020-03-31T17:38:00 GMT-03:00" skipped="7">
  <testcase classname="testes.TestNG" name="EntrarNaTelaDeLoginComSucesso" time="12.963"/>
  <system-out/>
  <testcase classname="testes.TestNG" name="reporting" time="0.003">
    <error message="testName cannot be null or empty" type="java.lang.IllegalArgumentException">
      <![CDATA[java.lang.IllegalArgumentException: testName cannot be null or empty
at com.aventstack.extentreports.ExtentTest.<init>(ExtentTest.java:80)
at com.aventstack.extentreports.ExtentTest.<init>(ExtentTest.java:100)
at com.aventstack.extentreports.ExtentReports.createTest(ExtentReports.java:227)
at com.aventstack.extentreports.ExtentReports.createTest(ExtentReports.java:243)
at PageObjectTDD.ExtentReport.ReportRelatorio(ExtentReport.java:33)
at testes.TestNG.reporting(TestNG.java:110)
at java.base/jdk.internal.reflect.NativeMethodAccessorImpl.invoke0(Native Method)
at java.base/jdk.internal.reflect.NativeMethodAccessorImpl.invoke(NativeMethodAccessorImpl.java:62)
at java.base/jdk.internal.reflect.DelegatingMethodAccessorImpl.invoke(DelegatingMethodAccessorImpl.java:43)
at java.base/java.lang.reflect.Method.invoke(Method.java:567)
at org.testng.internal.MethodInvocationHelper.invokeMethod(MethodInvocationHelper.java:134)
at org.testng.internal.MethodInvocationHelper.invokeMethodConsideringTimeout(MethodInvocationHelper.java:63)
at org.testng.internal.ConfigInvoker.invokeConfigurationMethod(ConfigInvoker.java:348)
at org.testng.internal.ConfigInvoker.invokeConfigurations(ConfigInvoker.java:302)
at org.testng.internal.TestInvoker.runConfigMethods(TestInvoker.java:695)
at org.testng.internal.TestInvoker.runAfterGroupsConfigurations(TestInvoker.java:671)
at org.testng.internal.TestInvoker.invokeMethod(TestInvoker.java:655)
at org.testng.internal.TestInvoker.invokeTestMethod(TestInvoker.java:173)
at org.testng.internal.MethodRunner.runInSequence(MethodRunner.java:46)
at org.testng.internal.TestInvoker$MethodInvocationAgent.invoke(TestInvoker.java:816)
at org.testng.internal.TestInvoker.invokeTestMethods(TestInvoker.java:146)
at org.testng.internal.TestMethodWorker.invokeTestMethods(TestMethodWorker.java:146)
at org.testng.internal.TestMethodWorker.run(TestMethodWorker.java:128)
at java.base/java.util.ArrayList.forEach(ArrayList.java:1507)
at org.testng.TestRunner.privateRun(TestRunner.java:766)
at org.testng.TestRunner.run(TestRunner.java:587)
at org.testng.SuiteRunner.runTest(SuiteRunner.java:384)
at org.testng.SuiteRunner.runSequentially(SuiteRunner.java:378)
at org.testng.SuiteRunner.privateRun(SuiteRunner.java:337)
at org.testng.SuiteRunner.run(SuiteRunner.java:286)
at org.testng.SuiteRunnerWorker.runSuite(SuiteRunnerWorker.java:53)
at org.testng.SuiteRunnerWorker.run(SuiteRunnerWorker.java:96)
at org.testng.TestNG.runSuitesSequentially(TestNG.java:1187)
at org.testng.TestNG.runSuitesLocally(TestNG.java:1109)
at org.testng.TestNG.runSuites(TestNG.java:1039)
at org.testng.TestNG.run(TestNG.java:1007)
at org.testng.remote.AbstractRemoteTestNG.run(AbstractRemoteTestNG.java:115)
at org.testng.remote.RemoteTestNG.initAndRun(RemoteTestNG.java:251)
at org.testng.remote.RemoteTestNG.main(RemoteTestNG.java:77)
]]>
    </error>
  </testcase> <!-- reporting -->
  <system-out/>
  <testcase classname="testes.TestNG" name="EntrarNaTelaDeLoginSemSucesso" time="0.000">
    <skipped/>
  </testcase> <!-- EntrarNaTelaDeLoginSemSucesso -->
  <system-out/>
  <testcase classname="testes.TestNG" name="EntrarNaTelaDeCadastroComSucesso" time="0.000">
    <skipped/>
  </testcase> <!-- EntrarNaTelaDeCadastroComSucesso -->
  <system-out/>
  <testcase classname="testes.TestNG" name="TelaCadastroComDadosInvalidos" time="0.000">
    <skipped/>
  </testcase> <!-- TelaCadastroComDadosInvalidos -->
  <system-out/>
  <testcase classname="testes.TestNG" name="ClickProduto" time="0.000">
    <skipped/>
  </testcase> <!-- ClickProduto -->
  <system-out/>
  <testcase classname="testes.TestNG" name="PesquisaDeItensInexistentesPorClick" time="0.000">
    <skipped/>
  </testcase> <!-- PesquisaDeItensInexistentesPorClick -->
  <system-out/>
  <testcase classname="testes.TestNG" name="PesquisarComLupa" time="0.000">
    <skipped/>
  </testcase> <!-- PesquisarComLupa -->
  <system-out/>
  <testcase classname="testes.TestNG" name="PesquisarComItensInexistentesComLupa" time="0.000">
    <skipped/>
  </testcase> <!-- PesquisarComItensInexistentesComLupa -->
  <system-out/>
</testsuite> <!-- testes.TestNG -->
