<?xml version="1.0" encoding="UTF-8"?>
<!-- Generated by org.testng.reporters.JUnitReportReporter -->
<testsuite hostname="SKAR1201144" failures="0" tests="2" name="testes.NewTest" time="30.261" errors="0" timestamp="2020-03-30T14:39:29 GMT-03:00" skipped="1">
  <testcase classname="testes.NewTest" name="TelaCadastroComDadosInvalidos" time="30.261"/>
  <system-out/>
  <testcase classname="testes.NewTest" name="EntrarNaTelaDeCadastroComSucesso">
    <skipped/>
  </testcase> <!-- EntrarNaTelaDeCadastroComSucesso -->
  <system-out/>
</testsuite> <!-- testes.NewTest -->
